Determining if the pthread_create exist failed with the following output:
Change Dir: /media/sebastian/Shared/Projects/Collaboration/Codename_Playlist_Cpp/cmake-build-debug/CMakeFiles/CMakeTmp

Run Build Command(s):/usr/bin/make cmTC_b60ca/fast 
/usr/bin/make -f CMakeFiles/cmTC_b60ca.dir/build.make CMakeFiles/cmTC_b60ca.dir/build
make[1]: Entering directory '/media/sebastian/Shared/Projects/Collaboration/Codename_Playlist_Cpp/cmake-build-debug/CMakeFiles/CMakeTmp'
Building C object CMakeFiles/cmTC_b60ca.dir/CheckSymbolExists.c.o
/usr/bin/clang-6.0    -o CMakeFiles/cmTC_b60ca.dir/CheckSymbolExists.c.o   -c /media/sebastian/Shared/Projects/Collaboration/Codename_Playlist_Cpp/cmake-build-debug/CMakeFiles/CMakeTmp/CheckSymbolExists.c
Linking C executable cmTC_b60ca
/home/sebastian/Downloads/Vanderbilt_University/Sophomore_Semester_1/CS3251/clion-2019.2.1/bin/cmake/linux/bin/cmake -E cmake_link_script CMakeFiles/cmTC_b60ca.dir/link.txt --verbose=1
/usr/bin/clang-6.0      CMakeFiles/cmTC_b60ca.dir/CheckSymbolExists.c.o  -o cmTC_b60ca 
CMakeFiles/cmTC_b60ca.dir/CheckSymbolExists.c.o: In function `main':
CheckSymbolExists.c:(.text+0x19): undefined reference to `pthread_create'
clang: error: linker command failed with exit code 1 (use -v to see invocation)
CMakeFiles/cmTC_b60ca.dir/build.make:86: recipe for target 'cmTC_b60ca' failed
make[1]: *** [cmTC_b60ca] Error 1
make[1]: Leaving directory '/media/sebastian/Shared/Projects/Collaboration/Codename_Playlist_Cpp/cmake-build-debug/CMakeFiles/CMakeTmp'
Makefile:121: recipe for target 'cmTC_b60ca/fast' failed
make: *** [cmTC_b60ca/fast] Error 2

File /media/sebastian/Shared/Projects/Collaboration/Codename_Playlist_Cpp/cmake-build-debug/CMakeFiles/CMakeTmp/CheckSymbolExists.c:
/* */
#include <pthread.h>

int main(int argc, char** argv)
{
  (void)argv;
#ifndef pthread_create
  return ((int*)(&pthread_create))[argc];
#else
  (void)argc;
  return 0;
#endif
}

Determining if the function pthread_create exists in the pthreads failed with the following output:
Change Dir: /media/sebastian/Shared/Projects/Collaboration/Codename_Playlist_Cpp/cmake-build-debug/CMakeFiles/CMakeTmp

Run Build Command(s):/usr/bin/make cmTC_0c589/fast 
/usr/bin/make -f CMakeFiles/cmTC_0c589.dir/build.make CMakeFiles/cmTC_0c589.dir/build
make[1]: Entering directory '/media/sebastian/Shared/Projects/Collaboration/Codename_Playlist_Cpp/cmake-build-debug/CMakeFiles/CMakeTmp'
Building C object CMakeFiles/cmTC_0c589.dir/CheckFunctionExists.c.o
/usr/bin/clang-6.0   -DCHECK_FUNCTION_EXISTS=pthread_create   -o CMakeFiles/cmTC_0c589.dir/CheckFunctionExists.c.o   -c /home/sebastian/Downloads/Vanderbilt_University/Sophomore_Semester_1/CS3251/clion-2019.2.1/bin/cmake/linux/share/cmake-3.14/Modules/CheckFunctionExists.c
Linking C executable cmTC_0c589
/home/sebastian/Downloads/Vanderbilt_University/Sophomore_Semester_1/CS3251/clion-2019.2.1/bin/cmake/linux/bin/cmake -E cmake_link_script CMakeFiles/cmTC_0c589.dir/link.txt --verbose=1
/usr/bin/clang-6.0  -DCHECK_FUNCTION_EXISTS=pthread_create    CMakeFiles/cmTC_0c589.dir/CheckFunctionExists.c.o  -o cmTC_0c589 -lpthreads 
/usr/bin/ld: cannot find -lpthreads
clang: error: linker command failed with exit code 1 (use -v to see invocation)
CMakeFiles/cmTC_0c589.dir/build.make:86: recipe for target 'cmTC_0c589' failed
make[1]: *** [cmTC_0c589] Error 1
make[1]: Leaving directory '/media/sebastian/Shared/Projects/Collaboration/Codename_Playlist_Cpp/cmake-build-debug/CMakeFiles/CMakeTmp'
Makefile:121: recipe for target 'cmTC_0c589/fast' failed
make: *** [cmTC_0c589/fast] Error 2


